<?xml version="1.0" encoding="UTF-8"?>
<!-- Generated by org.testng.reporters.JUnitXMLReporter -->
<testsuite ignored="0" hostname="LAPTOP-8NO3AAUC" failures="0" tests="3" name="Test" time="0.157" errors="0" timestamp="2023-08-22T10:10:22 IST">
  <testcase classname="com.google.pac.TC0017_TestNG" name="f" time="0.021"/>
  <testcase classname="com.google.pac.TC0017_TestNG" name="f" time="0.006"/>
  <testcase classname="com.google.pac.TC0017_TestNG" name="f" time="0.002"/>
</testsuite> <!-- Test -->
