<?xml version="1.0" encoding="UTF-8"?>
<testng-results ignored="0" total="1" passed="1" failed="0" skipped="0">
  <reporter-output>
  </reporter-output>
  <suite started-at="2023-12-27T11:32:13 IST" name="Default suite" finished-at="2023-12-27T11:32:33 IST" duration-ms="19319">
    <groups>
    </groups>
    <test started-at="2023-12-27T11:32:13 IST" name="Default test" finished-at="2023-12-27T11:32:33 IST" duration-ms="19319">
      <class name="com.google.pac.NewTest">
        <test-method is-config="true" signature="beforeSuite()[pri:0, instance:com.google.pac.NewTest@548a24a]" started-at="2023-12-27T11:32:13 IST" name="beforeSuite" finished-at="2023-12-27T11:32:13 IST" duration-ms="12" status="PASS">
          <reporter-output>
          </reporter-output>
        </test-method> <!-- beforeSuite -->
        <test-method is-config="true" signature="beforeTest()[pri:0, instance:com.google.pac.NewTest@548a24a]" started-at="2023-12-27T11:32:13 IST" name="beforeTest" finished-at="2023-12-27T11:32:13 IST" duration-ms="1" status="PASS">
          <reporter-output>
          </reporter-output>
        </test-method> <!-- beforeTest -->
        <test-method is-config="true" signature="beforeClass()[pri:0, instance:com.google.pac.NewTest@548a24a]" started-at="2023-12-27T11:32:13 IST" name="beforeClass" finished-at="2023-12-27T11:32:13 IST" duration-ms="0" status="PASS">
          <reporter-output>
          </reporter-output>
        </test-method> <!-- beforeClass -->
        <test-method is-config="true" signature="beforeMethod()[pri:0, instance:com.google.pac.NewTest@548a24a]" started-at="2023-12-27T11:32:14 IST" name="beforeMethod" finished-at="2023-12-27T11:32:14 IST" duration-ms="1" status="PASS">
          <reporter-output>
          </reporter-output>
        </test-method> <!-- beforeMethod -->
        <test-method signature="f(java.lang.String,java.lang.String)[pri:0, instance:com.google.pac.NewTest@548a24a]" started-at="2023-12-27T11:32:14 IST" name="f" data-provider="dp" finished-at="2023-12-27T11:32:33 IST" duration-ms="18390" status="PASS">
          <params>
            <param index="0">
              <value>
                <![CDATA[teena@gmail.com]]>
              </value>
            </param>
            <param index="1">
              <value>
                <![CDATA[apple]]>
              </value>
            </param>
          </params>
          <reporter-output>
          </reporter-output>
        </test-method> <!-- f -->
        <test-method is-config="true" signature="afterMethod()[pri:0, instance:com.google.pac.NewTest@548a24a]" started-at="2023-12-27T11:32:33 IST" name="afterMethod" finished-at="2023-12-27T11:32:33 IST" duration-ms="2" status="PASS">
          <reporter-output>
          </reporter-output>
        </test-method> <!-- afterMethod -->
        <test-method is-config="true" signature="afterClass()[pri:0, instance:com.google.pac.NewTest@548a24a]" started-at="2023-12-27T11:32:33 IST" name="afterClass" finished-at="2023-12-27T11:32:33 IST" duration-ms="0" status="PASS">
          <reporter-output>
          </reporter-output>
        </test-method> <!-- afterClass -->
        <test-method is-config="true" signature="afterTest()[pri:0, instance:com.google.pac.NewTest@548a24a]" started-at="2023-12-27T11:32:33 IST" name="afterTest" finished-at="2023-12-27T11:32:33 IST" duration-ms="1" status="PASS">
          <reporter-output>
          </reporter-output>
        </test-method> <!-- afterTest -->
        <test-method is-config="true" signature="afterSuite()[pri:0, instance:com.google.pac.NewTest@548a24a]" started-at="2023-12-27T11:32:33 IST" name="afterSuite" finished-at="2023-12-27T11:32:33 IST" duration-ms="0" status="PASS">
          <reporter-output>
          </reporter-output>
        </test-method> <!-- afterSuite -->
      </class> <!-- com.google.pac.NewTest -->
    </test> <!-- Default test -->
  </suite> <!-- Default suite -->
</testng-results>
